<?xml version="1.0" encoding="UTF-8"?>
<!-- Generated by org.testng.reporters.JUnitReportReporter -->
<testsuite hostname="LAPTOP-Q7SB5MFU" failures="0" tests="4" name="com.TestNG.PracticeTestNGTest" time="0.019" errors="0" timestamp="2023-09-19T10:02:12 IST" skipped="0">
  <testcase classname="com.TestNG.PracticeTestNGTest" name="deleteDataTest" time="0.004"/>
  <system-out/>
  <testcase classname="com.TestNG.PracticeTestNGTest" name="editDataTest" time="0.002"/>
  <system-out/>
  <testcase classname="com.TestNG.PracticeTestNGTest" name="deleteDataTest" time="0.010"/>
  <system-out/>
  <testcase classname="com.TestNG.PracticeTestNGTest" name="createTest" time="0.003"/>
  <system-out/>
</testsuite> <!-- com.TestNG.PracticeTestNGTest -->
