<?xml version="1.0" encoding="UTF-8"?>
<!-- Generated by org.testng.reporters.JUnitReportReporter -->
<testsuite hostname="LAPTOP-Q7SB5MFU" failures="0" tests="5" name="com.TestNG.DPTest" time="0.041" errors="0" timestamp="2023-09-15T15:33:16 IST" skipped="0">
  <testcase classname="com.TestNG.DPTest" name="getData" time="0.005"/>
  <system-out/>
  <testcase classname="com.TestNG.DPTest" name="getData" time="0.004"/>
  <system-out/>
  <testcase classname="com.TestNG.DPTest" name="getData" time="0.007"/>
  <system-out/>
  <testcase classname="com.TestNG.DPTest" name="getData" time="0.009"/>
  <system-out/>
  <testcase classname="com.TestNG.DPTest" name="getData" time="0.016"/>
  <system-out/>
</testsuite> <!-- com.TestNG.DPTest -->
