<?xml version="1.0" encoding="UTF-8"?>
<!-- Generated by org.testng.reporters.JUnitReportReporter -->
<testsuite hostname="LAPTOP-Q7SB5MFU" failures="0" tests="4" name="com.TestNG.DataProviderTest" time="0.015" errors="0" timestamp="2023-09-18T22:28:03 IST" skipped="0">
  <testcase classname="com.TestNG.DataProviderTest" name="getData" time="0.002"/>
  <system-out/>
  <testcase classname="com.TestNG.DataProviderTest" name="getData" time="0.008"/>
  <system-out/>
  <testcase classname="com.TestNG.DataProviderTest" name="getData" time="0.004"/>
  <system-out/>
  <testcase classname="com.TestNG.DataProviderTest" name="getData" time="0.001"/>
  <system-out/>
</testsuite> <!-- com.TestNG.DataProviderTest -->
