<?xml version="1.0" encoding="UTF-8"?>
<!-- Generated by org.testng.reporters.JUnitReportReporter -->
<testsuite hostname="LAPTOP-Q7SB5MFU" failures="0" tests="3" name="com.TestNG.TwoTestTwoClass1Test" time="0.011" errors="0" timestamp="2023-09-19T09:47:50 IST" skipped="0">
  <testcase classname="com.TestNG.TwoTestTwoClass1Test" name="executeScript2" time="0.004"/>
  <system-out/>
  <testcase classname="com.TestNG.TwoTestTwoClass1Test" name="executeScript1" time="0.004"/>
  <system-out/>
  <testcase classname="com.TestNG.TwoTestTwoClass1Test" name="executeScript" time="0.003"/>
  <system-out/>
</testsuite> <!-- com.TestNG.TwoTestTwoClass1Test -->
