<?xml version="1.0" encoding="UTF-8"?>
<!-- Generated by org.testng.reporters.JUnitReportReporter -->
<testsuite hostname="LAPTOP-Q7SB5MFU" failures="0" tests="1" name="com.TestNG.SoftAssertTest" time="5.925" errors="0" timestamp="2023-09-20T12:50:16 IST" skipped="0">
  <testcase classname="com.TestNG.SoftAssertTest" name="Test1" time="5.925"/>
  <system-out/>
</testsuite> <!-- com.TestNG.SoftAssertTest -->
